<?xml version="1.0" encoding="UTF-8" ?>
<testsuite tests="3" failures="1" name="inicializationTests.automationTest" time="33.565" errors="0" skipped="2">
  <properties>
[...]
</properties>
  <testcase classname="inicializationTests.automationTest" name="start" time="33.553">
    <failure message="Error {
  message=&apos;Timeout 30000ms exceeded.
=========================== logs ===========================
navigating to &quot;https://demoqa.com/automation-practice-form&quot;, waiting until &quot;load&quot;
============================================================
  name=&apos;TimeoutError
  stack=&apos;TimeoutError: Timeout 30000ms exceeded.
=========================== logs ===========================
navigating to &quot;https://demoqa.com/automation-practice-form&quot;, waiting until &quot;load&quot;
============================================================
    at ProgressController.run (/tmp/playwright-java-1483480900673591698/package/lib/server/progress.js:88:26)
    at Frame.goto (/tmp/playwright-java-1483480900673591698/package/lib/server/frames.js:525:23)
    at FrameDispatcher.goto (/tmp/playwright-java-1483480900673591698/package/lib/server/dispatchers/frameDispatcher.js:75:121)
    at DispatcherConnection.dispatch (/tmp/playwright-java-1483480900673591698/package/lib/server/dispatchers/dispatcher.js:317:46)
}" type="com.microsoft.playwright.TimeoutError">com.microsoft.playwright.TimeoutError: Error {
  message=&apos;Timeout 30000ms exceeded.
=========================== logs ===========================
navigating to &quot;https://demoqa.com/automation-practice-form&quot;, waiting until &quot;load&quot;
============================================================
  name=&apos;TimeoutError
  stack=&apos;TimeoutError: Timeout 30000ms exceeded.
=========================== logs ===========================
navigating to &quot;https://demoqa.com/automation-practice-form&quot;, waiting until &quot;load&quot;
============================================================
    at ProgressController.run (/tmp/playwright-java-1483480900673591698/package/lib/server/progress.js:88:26)
    at Frame.goto (/tmp/playwright-java-1483480900673591698/package/lib/server/frames.js:525:23)
    at FrameDispatcher.goto (/tmp/playwright-java-1483480900673591698/package/lib/server/dispatchers/frameDispatcher.js:75:121)
    at DispatcherConnection.dispatch (/tmp/playwright-java-1483480900673591698/package/lib/server/dispatchers/dispatcher.js:317:46)
}
	at com.microsoft.playwright.impl.WaitableResult.get(WaitableResult.java:52)
	at com.microsoft.playwright.impl.ChannelOwner.runUntil(ChannelOwner.java:111)
	at com.microsoft.playwright.impl.Connection.sendMessage(Connection.java:119)
	at com.microsoft.playwright.impl.ChannelOwner.sendMessage(ChannelOwner.java:102)
	at com.microsoft.playwright.impl.FrameImpl.navigateImpl(FrameImpl.java:462)
	at com.microsoft.playwright.impl.PageImpl.lambda$navigate$44(PageImpl.java:845)
	at com.microsoft.playwright.impl.LoggingSupport.withLogging(LoggingSupport.java:47)
	at com.microsoft.playwright.impl.ChannelOwner.withLogging(ChannelOwner.java:87)
	at com.microsoft.playwright.impl.PageImpl.navigate(PageImpl.java:845)
	at com.microsoft.playwright.impl.PageImpl.navigate(PageImpl.java:41)
	at com.microsoft.playwright.Page.navigate(Page.java:4863)
	at initBrowser.InitAplication.Browser(InitAplication.java:16)
	at inicializationTests.automationTest.start(automationTest.java:22)
Caused by: com.microsoft.playwright.TimeoutError: Error {
  message=&apos;Timeout 30000ms exceeded.
=========================== logs ===========================
navigating to &quot;https://demoqa.com/automation-practice-form&quot;, waiting until &quot;load&quot;
============================================================
  name=&apos;TimeoutError
  stack=&apos;TimeoutError: Timeout 30000ms exceeded.
=========================== logs ===========================
navigating to &quot;https://demoqa.com/automation-practice-form&quot;, waiting until &quot;load&quot;
============================================================
    at ProgressController.run (/tmp/playwright-java-1483480900673591698/package/lib/server/progress.js:88:26)
    at Frame.goto (/tmp/playwright-java-1483480900673591698/package/lib/server/frames.js:525:23)
    at FrameDispatcher.goto (/tmp/playwright-java-1483480900673591698/package/lib/server/dispatchers/frameDispatcher.js:75:121)
    at DispatcherConnection.dispatch (/tmp/playwright-java-1483480900673591698/package/lib/server/dispatchers/dispatcher.js:317:46)
}
	at com.microsoft.playwright.impl.Connection.dispatch(Connection.java:199)
	at com.microsoft.playwright.impl.Connection.processOneMessage(Connection.java:181)
	at com.microsoft.playwright.impl.ChannelOwner.runUntil(ChannelOwner.java:109)
	... 46 more
</failure>
    <system-out>Configuring TestNG with: org.apache.maven.surefire.testng.conf.TestNG652Configurator@3a4afd8d
</system-out>
    <system-err>SLF4J: Failed to load class &quot;org.slf4j.impl.StaticLoggerBinder&quot;.
SLF4J: Defaulting to no-operation (NOP) logger implementation
SLF4J: See http://www.slf4j.org/codes.html#StaticLoggerBinder for further details.
</system-err>
  </testcase>
  <testcase classname="inicializationTests.automationTest" name="DemoSite" time="0.004">
    <skipped/>
  </testcase>
  <testcase classname="inicializationTests.automationTest" name="down" time="0.008">
    <skipped/>
  </testcase>
</testsuite>