<?xml version="1.0" encoding="UTF-8"?>
<testng-results ignored="0" total="1" passed="1" failed="0" skipped="0">
  <reporter-output>
  </reporter-output>
  <suite started-at="2024-09-28T04:19:38 BRT" name="inicializationTests.automationTest" finished-at="2024-09-28T04:20:52 BRT" duration-ms="74465">
    <groups>
    </groups>
    <test started-at="2024-09-28T04:19:38 BRT" name="Command line test" finished-at="2024-09-28T04:20:52 BRT" duration-ms="74465">
      <class name="inicializationTests.automationTest">
        <test-method is-config="true" signature="start()[pri:0, instance:inicializationTests.automationTest@544a2ea6]" started-at="2024-09-28T04:19:38 BRT" name="start" finished-at="2024-09-28T04:20:36 BRT" duration-ms="57646" status="PASS">
          <reporter-output>
          </reporter-output>
        </test-method> <!-- start -->
        <test-method signature="DemoSite()[pri:0, instance:inicializationTests.automationTest@544a2ea6]" started-at="2024-09-28T04:20:36 BRT" name="DemoSite" finished-at="2024-09-28T04:20:52 BRT" duration-ms="16048" status="PASS">
          <reporter-output>
          </reporter-output>
        </test-method> <!-- DemoSite -->
        <test-method is-config="true" signature="down()[pri:0, instance:inicializationTests.automationTest@544a2ea6]" started-at="2024-09-28T04:20:52 BRT" name="down" finished-at="2024-09-28T04:20:52 BRT" duration-ms="701" status="PASS">
          <reporter-output>
          </reporter-output>
        </test-method> <!-- down -->
      </class> <!-- inicializationTests.automationTest -->
    </test> <!-- Command line test -->
  </suite> <!-- inicializationTests.automationTest -->
</testng-results>
